<?xml version="1.0" encoding="UTF-8"?>
<!-- Generated by org.testng.reporters.JUnitReportReporter -->
<testsuite skipped="0" hostname="DESKTOP-8I9F5N5" name="Smoke_Test.Marketing_Flyers" tests="1" failures="0" timestamp="01 Jun 2021 12:39:39 GMT" time="48.090" errors="0">
  <testcase name="MarketingFlyers" time="48.090" classname="Smoke_Test.Marketing_Flyers"/>
</testsuite> <!-- Smoke_Test.Marketing_Flyers -->
