<?xml version="1.0" encoding="UTF-8"?>
<!-- Generated by org.testng.reporters.JUnitReportReporter -->
<testsuite skipped="0" hostname="DESKTOP-8I9F5N5" name="Smoke_Test.Bulk_Cards_Creation" tests="1" failures="0" timestamp="01 Jun 2021 12:39:39 GMT" time="34.513" errors="0">
  <testcase name="Bulk_Cards" time="34.513" classname="Smoke_Test.Bulk_Cards_Creation"/>
</testsuite> <!-- Smoke_Test.Bulk_Cards_Creation -->
